0 info it worked if it ends with ok
1 verbose cli [ 'node',
1 verbose cli   '/usr/local/bin/npm',
1 verbose cli   'install',
1 verbose cli   '--save-dev',
1 verbose cli   'chai',
1 verbose cli   'sinon',
1 verbose cli   'chai-mocha' ]
2 info using npm@2.0.0
3 info using node@v0.10.32
4 verbose node symlink /usr/local/bin/node
5 warn package.json google-spreadsheet-stream@1.0.0 No description
6 warn package.json google-spreadsheet-stream@1.0.0 No repository field.
7 warn package.json google-spreadsheet-stream@1.0.0 No README data
8 verbose readDependencies using package.json deps
9 verbose cache add [ 'chai', null ]
10 verbose cache add spec="chai" args=["chai",null]
11 verbose parsed spec { raw: 'chai',
11 verbose parsed spec   scope: null,
11 verbose parsed spec   name: 'chai',
11 verbose parsed spec   rawSpec: '',
11 verbose parsed spec   spec: '*',
11 verbose parsed spec   type: 'range' }
12 verbose cache add [ 'sinon', null ]
13 verbose cache add spec="sinon" args=["sinon",null]
14 verbose parsed spec { raw: 'sinon',
14 verbose parsed spec   scope: null,
14 verbose parsed spec   name: 'sinon',
14 verbose parsed spec   rawSpec: '',
14 verbose parsed spec   spec: '*',
14 verbose parsed spec   type: 'range' }
15 verbose cache add [ 'chai-mocha', null ]
16 verbose cache add spec="chai-mocha" args=["chai-mocha",null]
17 verbose parsed spec { raw: 'chai-mocha',
17 verbose parsed spec   scope: null,
17 verbose parsed spec   name: 'chai-mocha',
17 verbose parsed spec   rawSpec: '',
17 verbose parsed spec   spec: '*',
17 verbose parsed spec   type: 'range' }
18 verbose parsed spec { raw: 'chai',
18 verbose parsed spec   scope: null,
18 verbose parsed spec   name: 'chai',
18 verbose parsed spec   rawSpec: '',
18 verbose parsed spec   spec: '*',
18 verbose parsed spec   type: 'range' }
19 verbose addNamed [ 'chai', '*' ]
20 verbose addNamed [ null, '*' ]
21 verbose parsed spec { raw: 'sinon',
21 verbose parsed spec   scope: null,
21 verbose parsed spec   name: 'sinon',
21 verbose parsed spec   rawSpec: '',
21 verbose parsed spec   spec: '*',
21 verbose parsed spec   type: 'range' }
22 verbose addNamed [ 'sinon', '*' ]
23 verbose addNamed [ null, '*' ]
24 verbose parsed spec { raw: 'chai-mocha',
24 verbose parsed spec   scope: null,
24 verbose parsed spec   name: 'chai-mocha',
24 verbose parsed spec   rawSpec: '',
24 verbose parsed spec   spec: '*',
24 verbose parsed spec   type: 'range' }
25 verbose addNamed [ 'chai-mocha', '*' ]
26 verbose addNamed [ null, '*' ]
27 silly lockFile dde1eb4b-chai chai@*
28 verbose lock chai@* /Users/twatson/.npm/dde1eb4b-chai.lock
29 silly lockFile 29b94905-sinon sinon@*
30 verbose lock sinon@* /Users/twatson/.npm/29b94905-sinon.lock
31 silly lockFile f701dbd7-chai-mocha chai-mocha@*
32 verbose lock chai-mocha@* /Users/twatson/.npm/f701dbd7-chai-mocha.lock
33 silly addNameRange { name: 'chai', range: '*', hasData: false }
34 verbose mapToRegistry name chai
35 verbose mapToRegistry uri https://registry.npmjs.org/chai
36 silly addNameRange { name: 'chai-mocha', range: '*', hasData: false }
37 verbose mapToRegistry name chai-mocha
38 verbose mapToRegistry uri https://registry.npmjs.org/chai-mocha
39 silly addNameRange { name: 'sinon', range: '*', hasData: false }
40 verbose mapToRegistry name sinon
41 verbose mapToRegistry uri https://registry.npmjs.org/sinon
42 verbose request on initialization, where is /chai-mocha
43 verbose request after pass 1, where is /chai-mocha
44 verbose request url raw /chai-mocha
45 verbose request resolving registry [ 'https://registry.npmjs.org/', './chai-mocha' ]
46 verbose request after pass 2, where is https://registry.npmjs.org/chai-mocha
47 verbose request no auth needed
48 info attempt registry request try #1 at 18:52:56
49 verbose request id 781feb31eafbc06f
50 http request GET https://registry.npmjs.org/chai-mocha
51 verbose request on initialization, where is /chai
52 verbose request after pass 1, where is /chai
53 verbose request url raw /chai
54 verbose request resolving registry [ 'https://registry.npmjs.org/', './chai' ]
55 verbose request after pass 2, where is https://registry.npmjs.org/chai
56 verbose request no auth needed
57 info attempt registry request try #1 at 18:52:56
58 verbose etag "2P6EXBI16SYRWDJSAGHD39ESH"
59 http request GET https://registry.npmjs.org/chai
60 verbose request on initialization, where is /sinon
61 verbose request after pass 1, where is /sinon
62 verbose request url raw /sinon
63 verbose request resolving registry [ 'https://registry.npmjs.org/', './sinon' ]
64 verbose request after pass 2, where is https://registry.npmjs.org/sinon
65 verbose request no auth needed
66 info attempt registry request try #1 at 18:52:56
67 verbose etag "9QA1L4GEL6G6D5RN4VWTSUEGK"
68 http request GET https://registry.npmjs.org/sinon
69 http 404 https://registry.npmjs.org/chai-mocha
70 verbose headers { date: 'Sun, 28 Sep 2014 22:52:51 GMT',
70 verbose headers   server: 'CouchDB/1.5.0 (Erlang OTP/R16B03)',
70 verbose headers   'content-type': 'application/json',
70 verbose headers   'cache-control': 'max-age=0',
70 verbose headers   'content-length': '52',
70 verbose headers   'accept-ranges': 'bytes',
70 verbose headers   via: '1.1 varnish',
70 verbose headers   age: '0',
70 verbose headers   'x-served-by': 'cache-atl6233-ATL',
70 verbose headers   'x-cache': 'MISS',
70 verbose headers   'x-cache-hits': '0',
70 verbose headers   'x-timer': 'S1411944771.652022,VS0,VE24',
70 verbose headers   'keep-alive': 'timeout=10, max=50',
70 verbose headers   connection: 'Keep-Alive' }
71 silly registry.get cb [ 404,
71 silly registry.get   { date: 'Sun, 28 Sep 2014 22:52:51 GMT',
71 silly registry.get     server: 'CouchDB/1.5.0 (Erlang OTP/R16B03)',
71 silly registry.get     'content-type': 'application/json',
71 silly registry.get     'cache-control': 'max-age=0',
71 silly registry.get     'content-length': '52',
71 silly registry.get     'accept-ranges': 'bytes',
71 silly registry.get     via: '1.1 varnish',
71 silly registry.get     age: '0',
71 silly registry.get     'x-served-by': 'cache-atl6233-ATL',
71 silly registry.get     'x-cache': 'MISS',
71 silly registry.get     'x-cache-hits': '0',
71 silly registry.get     'x-timer': 'S1411944771.652022,VS0,VE24',
71 silly registry.get     'keep-alive': 'timeout=10, max=50',
71 silly registry.get     connection: 'Keep-Alive' } ]
72 silly lockFile f701dbd7-chai-mocha chai-mocha@*
73 silly lockFile f701dbd7-chai-mocha chai-mocha@*
74 http 200 https://registry.npmjs.org/sinon
75 silly registry.get cb [ 200,
75 silly registry.get   { date: 'Sun, 28 Sep 2014 22:52:51 GMT',
75 silly registry.get     server: 'CouchDB/1.5.0 (Erlang OTP/R16B03)',
75 silly registry.get     etag: '"7QPJLR8GOXK04NME1DNQB7P1S"',
75 silly registry.get     'content-type': 'application/json',
75 silly registry.get     'cache-control': 'max-age=60',
75 silly registry.get     'content-length': '49258',
75 silly registry.get     'accept-ranges': 'bytes',
75 silly registry.get     via: '1.1 varnish',
75 silly registry.get     age: '1632',
75 silly registry.get     'x-served-by': 'cache-atl6225-ATL',
75 silly registry.get     'x-cache': 'HIT',
75 silly registry.get     'x-cache-hits': '1',
75 silly registry.get     'x-timer': 'S1411944771.650323,VS0,VE1',
75 silly registry.get     vary: 'Accept',
75 silly registry.get     'keep-alive': 'timeout=10, max=50',
75 silly registry.get     connection: 'Keep-Alive' } ]
76 silly addNameRange number 2 { name: 'sinon', range: '*', hasData: true }
77 silly addNameRange versions [ 'sinon',
77 silly addNameRange   [ '0.6.2',
77 silly addNameRange     '0.6.3',
77 silly addNameRange     '1.0.0',
77 silly addNameRange     '1.0.1',
77 silly addNameRange     '1.0.2',
77 silly addNameRange     '1.1.0',
77 silly addNameRange     '1.1.1',
77 silly addNameRange     '1.2.0',
77 silly addNameRange     '1.3.0',
77 silly addNameRange     '1.3.1',
77 silly addNameRange     '1.3.2',
77 silly addNameRange     '1.3.3',
77 silly addNameRange     '1.3.4',
77 silly addNameRange     '1.4.0',
77 silly addNameRange     '1.4.1',
77 silly addNameRange     '1.4.2',
77 silly addNameRange     '1.5.0',
77 silly addNameRange     '1.5.2',
77 silly addNameRange     '1.6.0',
77 silly addNameRange     '1.7.0',
77 silly addNameRange     '1.7.1',
77 silly addNameRange     '1.7.2',
77 silly addNameRange     '1.7.3',
77 silly addNameRange     '1.8.1',
77 silly addNameRange     '1.8.2',
77 silly addNameRange     '1.9.0',
77 silly addNameRange     '1.9.1',
77 silly addNameRange     '1.10.0',
77 silly addNameRange     '1.10.1',
77 silly addNameRange     '1.10.2',
77 silly addNameRange     '1.10.3' ] ]
78 verbose addNamed [ 'sinon', '1.10.3' ]
79 verbose addNamed [ '1.10.3', '1.10.3' ]
80 silly lockFile acf59905-sinon-1-10-3 sinon@1.10.3
81 verbose lock sinon@1.10.3 /Users/twatson/.npm/acf59905-sinon-1-10-3.lock
82 silly lockFile acf59905-sinon-1-10-3 sinon@1.10.3
83 silly lockFile acf59905-sinon-1-10-3 sinon@1.10.3
84 silly lockFile 29b94905-sinon sinon@*
85 silly lockFile 29b94905-sinon sinon@*
86 http 200 https://registry.npmjs.org/chai
87 silly registry.get cb [ 200,
87 silly registry.get   { date: 'Sun, 28 Sep 2014 22:52:51 GMT',
87 silly registry.get     server: 'CouchDB/1.5.0 (Erlang OTP/R16B03)',
87 silly registry.get     etag: '"CGEQ1NKAWQUGCPMLVQKZOY2BR"',
87 silly registry.get     'content-type': 'application/json',
87 silly registry.get     'cache-control': 'max-age=60',
87 silly registry.get     'content-length': '61037',
87 silly registry.get     'accept-ranges': 'bytes',
87 silly registry.get     via: '1.1 varnish',
87 silly registry.get     age: '496',
87 silly registry.get     'x-served-by': 'cache-atl6222-ATL',
87 silly registry.get     'x-cache': 'HIT',
87 silly registry.get     'x-cache-hits': '1',
87 silly registry.get     'x-timer': 'S1411944771.679485,VS0,VE1',
87 silly registry.get     vary: 'Accept',
87 silly registry.get     'keep-alive': 'timeout=10, max=50',
87 silly registry.get     connection: 'Keep-Alive' } ]
88 silly addNameRange number 2 { name: 'chai', range: '*', hasData: true }
89 silly addNameRange versions [ 'chai',
89 silly addNameRange   [ '0.0.1',
89 silly addNameRange     '0.0.2',
89 silly addNameRange     '0.1.0',
89 silly addNameRange     '0.1.1',
89 silly addNameRange     '0.1.2',
89 silly addNameRange     '0.1.3',
89 silly addNameRange     '0.1.4',
89 silly addNameRange     '0.1.5',
89 silly addNameRange     '0.1.6',
89 silly addNameRange     '0.1.7',
89 silly addNameRange     '0.2.0',
89 silly addNameRange     '0.2.1',
89 silly addNameRange     '0.2.2',
89 silly addNameRange     '0.2.3',
89 silly addNameRange     '0.2.4',
89 silly addNameRange     '0.3.0',
89 silly addNameRange     '0.3.1',
89 silly addNameRange     '0.3.2',
89 silly addNameRange     '0.3.3',
89 silly addNameRange     '0.3.4',
89 silly addNameRange     '0.4.0',
89 silly addNameRange     '0.4.1',
89 silly addNameRange     '0.4.2',
89 silly addNameRange     '0.5.0',
89 silly addNameRange     '0.5.1',
89 silly addNameRange     '0.5.2',
89 silly addNameRange     '0.5.3',
89 silly addNameRange     '1.0.0',
89 silly addNameRange     '1.0.1',
89 silly addNameRange     '1.0.2',
89 silly addNameRange     '1.0.3',
89 silly addNameRange     '1.0.4',
89 silly addNameRange     '1.1.0',
89 silly addNameRange     '1.1.1',
89 silly addNameRange     '1.2.0',
89 silly addNameRange     '1.3.0',
89 silly addNameRange     '1.4.0',
89 silly addNameRange     '1.4.1',
89 silly addNameRange     '1.4.2',
89 silly addNameRange     '1.5.0',
89 silly addNameRange     '1.6.0',
89 silly addNameRange     '1.6.1',
89 silly addNameRange     '1.7.0',
89 silly addNameRange     '1.7.1',
89 silly addNameRange     '1.7.2',
89 silly addNameRange     '1.8.0',
89 silly addNameRange     '1.8.1',
89 silly addNameRange     '1.9.0',
89 silly addNameRange     '1.9.1' ] ]
90 verbose addNamed [ 'chai', '1.9.1' ]
91 verbose addNamed [ '1.9.1', '1.9.1' ]
92 silly lockFile 8274fa91-chai-1-9-1 chai@1.9.1
93 verbose lock chai@1.9.1 /Users/twatson/.npm/8274fa91-chai-1-9-1.lock
94 silly lockFile 8274fa91-chai-1-9-1 chai@1.9.1
95 silly lockFile 8274fa91-chai-1-9-1 chai@1.9.1
96 silly lockFile dde1eb4b-chai chai@*
97 silly lockFile dde1eb4b-chai chai@*
98 verbose stack Error: 404 Not Found: chai-mocha
98 verbose stack     at RegClient.<anonymous> (/usr/local/lib/node_modules/npm/node_modules/npm-registry-client/lib/request.js:259:14)
98 verbose stack     at Request._callback (/usr/local/lib/node_modules/npm/node_modules/npm-registry-client/lib/request.js:198:65)
98 verbose stack     at Request.self.callback (/usr/local/lib/node_modules/npm/node_modules/request/request.js:236:22)
98 verbose stack     at Request.emit (events.js:98:17)
98 verbose stack     at Request.<anonymous> (/usr/local/lib/node_modules/npm/node_modules/request/request.js:1142:14)
98 verbose stack     at Request.emit (events.js:117:20)
98 verbose stack     at IncomingMessage.<anonymous> (/usr/local/lib/node_modules/npm/node_modules/request/request.js:1096:12)
98 verbose stack     at IncomingMessage.emit (events.js:117:20)
98 verbose stack     at _stream_readable.js:943:16
98 verbose stack     at process._tickCallback (node.js:419:13)
99 verbose statusCode 404
100 verbose pkgid chai-mocha
101 verbose cwd /Users/twatson/Code/Node/google-spreadsheet-stream
102 error Darwin 13.3.0
103 error argv "node" "/usr/local/bin/npm" "install" "--save-dev" "chai" "sinon" "chai-mocha"
104 error node v0.10.32
105 error npm  v2.0.0
106 error code E404
107 error 404 Not Found: chai-mocha
107 error 404
107 error 404 'chai-mocha' is not in the npm registry.
107 error 404 You should bug the author to publish it (or use the name yourself!)
107 error 404 It was specified as a dependency of 'google-spreadsheet-stream'
107 error 404
107 error 404 Note that you can also install from a
107 error 404 tarball, folder, http url, or git url.
108 verbose exit [ 1, true ]
